c:\users\abbes\onedrive\desktop\fall 2020\cse335\step4\city\city\debug\city.pch
c:\users\abbes\onedrive\desktop\fall 2020\cse335\step4\city\city\debug\vc142.pdb
c:\users\abbes\onedrive\desktop\fall 2020\cse335\step4\city\city\debug\vc142.idb
c:\users\abbes\onedrive\desktop\fall 2020\cse335\step4\city\city\debug\pch.obj
c:\users\abbes\onedrive\desktop\fall 2020\cse335\step4\city\city\debug\xmlnode.obj
c:\users\abbes\onedrive\desktop\fall 2020\cse335\step4\city\city\debug\tilevisitor.obj
c:\users\abbes\onedrive\desktop\fall 2020\cse335\step4\city\city\debug\tiletransporter.obj
c:\users\abbes\onedrive\desktop\fall 2020\cse335\step4\city\city\debug\tileroad.obj
c:\users\abbes\onedrive\desktop\fall 2020\cse335\step4\city\city\debug\tilepropertiesdlg.obj
c:\users\abbes\onedrive\desktop\fall 2020\cse335\step4\city\city\debug\tilelandscape.obj
c:\users\abbes\onedrive\desktop\fall 2020\cse335\step4\city\city\debug\tilecoalmine.obj
c:\users\abbes\onedrive\desktop\fall 2020\cse335\step4\city\city\debug\tilebuilding.obj
c:\users\abbes\onedrive\desktop\fall 2020\cse335\step4\city\city\debug\tile.obj
c:\users\abbes\onedrive\desktop\fall 2020\cse335\step4\city\city\debug\pointhistory.obj
c:\users\abbes\onedrive\desktop\fall 2020\cse335\step4\city\city\debug\mainfrm.obj
c:\users\abbes\onedrive\desktop\fall 2020\cse335\step4\city\city\debug\cityapp.obj
c:\users\abbes\onedrive\desktop\fall 2020\cse335\step4\city\city\debug\city.obj
c:\users\abbes\onedrive\desktop\fall 2020\cse335\step4\city\city\debug\childview.obj
c:\users\abbes\onedrive\desktop\fall 2020\cse335\step4\city\city\debug\buildingcounter.obj
c:\users\abbes\onedrive\desktop\fall 2020\cse335\step4\city\city\debug\miniontile.obj
c:\users\abbes\onedrive\desktop\fall 2020\cse335\step4\city\city\debug\transporttilesvisitor.obj
c:\users\abbes\onedrive\desktop\fall 2020\cse335\step4\city\city\debug\checkminionvisitor.obj
c:\users\abbes\onedrive\desktop\fall 2020\cse335\step4\city\debug\city.exe
c:\users\abbes\onedrive\desktop\fall 2020\cse335\step4\city\debug\city.ilk
c:\users\abbes\onedrive\desktop\fall 2020\cse335\step4\city\debug\city.pdb
c:\users\abbes\onedrive\desktop\fall 2020\cse335\step4\city\city\debug\city.res
c:\users\abbes\onedrive\desktop\fall 2020\cse335\step4\city\city\debug\city.tlog\cl.command.1.tlog
c:\users\abbes\onedrive\desktop\fall 2020\cse335\step4\city\city\debug\city.tlog\cl.read.1.tlog
c:\users\abbes\onedrive\desktop\fall 2020\cse335\step4\city\city\debug\city.tlog\cl.write.1.tlog
c:\users\abbes\onedrive\desktop\fall 2020\cse335\step4\city\city\debug\city.tlog\link.command.1.tlog
c:\users\abbes\onedrive\desktop\fall 2020\cse335\step4\city\city\debug\city.tlog\link.read.1.tlog
c:\users\abbes\onedrive\desktop\fall 2020\cse335\step4\city\city\debug\city.tlog\link.write.1.tlog
c:\users\abbes\onedrive\desktop\fall 2020\cse335\step4\city\city\debug\city.tlog\rc.command.1.tlog
c:\users\abbes\onedrive\desktop\fall 2020\cse335\step4\city\city\debug\city.tlog\rc.read.1.tlog
c:\users\abbes\onedrive\desktop\fall 2020\cse335\step4\city\city\debug\city.tlog\rc.write.1.tlog
